╭────┬───────┬───────┬──────────────────────────────────────────┬──────────┬──────┬───────────┬────────────╮
│  # │  pid  │ ppid  │                   name                   │  status  │ cpu  │    mem    │  virtual   │
├────┼───────┼───────┼──────────────────────────────────────────┼──────────┼──────┼───────────┼────────────┤
│  0 │  7724 │  7491 │ /opt/visual-studio-code/code             │ Sleeping │ 0.00 │ 110.7 MiB │    1.1 TiB │
│  1 │  7657 │  7494 │ /opt/visual-studio-code/code             │ Sleeping │ 0.00 │ 119.5 MiB │   33.0 GiB │
│  2 │ 11821 │ 11629 │ /opt/visual-studio-code/code             │ Sleeping │ 0.00 │ 122.1 MiB │    1.1 TiB │
│  3 │ 11153 │ 11123 │ /usr/lib/webkit2gtk-4.1/WebKitWebProcess │ Sleeping │ 0.00 │ 124.2 MiB │   86.8 GiB │
│  4 │  5859 │  5734 │ /usr/bin/sway                            │ Sleeping │ 0.00 │ 124.5 MiB │    2.0 GiB │
│  5 │  7063 │     1 │ Xwayland                                 │ Sleeping │ 0.00 │ 155.7 MiB │    1.5 GiB │
│  6 │ 10684 │ 10632 │ /proc/self/exe                           │ Sleeping │ 0.00 │ 160.0 MiB │ 1023.8 MiB │
│  7 │ 11822 │ 11629 │ /opt/visual-studio-code/code             │ Sleeping │ 0.00 │ 161.0 MiB │    1.1 TiB │
│  8 │ 10845 │ 10632 │ /proc/self/exe                           │ Sleeping │ 0.00 │ 162.0 MiB │    1.1 TiB │
│  9 │ 10889 │ 10632 │ /proc/self/exe                           │ Sleeping │ 0.00 │ 163.1 MiB │    1.1 TiB │
│ 10 │  7491 │     1 │ /opt/visual-studio-code/code             │ Sleeping │ 0.00 │ 185.7 MiB │    1.1 TiB │
│ 11 │ 15778 │     1 │ /usr/bin/clash-verge                     │ Sleeping │ 0.00 │ 244.1 MiB │  105.8 GiB │
│ 12 │ 11123 │ 11112 │ /home/km/.nutstore/dist/jre/bin/nutstore │ Sleeping │ 0.00 │ 276.8 MiB │   93.5 GiB │
│ 13 │ 10677 │ 10632 │ /proc/self/exe                           │ Sleeping │ 0.00 │ 277.2 MiB │    3.0 GiB │
│ 14 │ 10706 │ 10632 │ /opt/bytedance/feishu/feishu             │ Sleeping │ 0.00 │ 279.5 MiB │    4.3 GiB │
│ 15 │ 12030 │ 11629 │ /home/km/go/bin/gopls                    │ Sleeping │ 0.00 │ 315.3 MiB │    3.6 GiB │
│ 16 │  9327 │  7497 │ /opt/visual-studio-code/code             │ Sleeping │ 0.00 │ 324.5 MiB │    1.1 TiB │
│ 17 │ 11576 │ 11539 │ /usr/lib/libreoffice/program/soffice.bin │ Sleeping │ 0.00 │ 337.8 MiB │    1.5 GiB │
│ 18 │ 11629 │  7491 │ /opt/visual-studio-code/code             │ Sleeping │ 0.00 │ 418.4 MiB │    1.1 TiB │
│ 19 │ 10632 │     1 │ /usr/bin/feishu                          │ Sleeping │ 0.00 │ 421.4 MiB │    1.1 TiB │
│ 20 │ 10846 │ 10632 │ /proc/self/exe                           │ Sleeping │ 0.00 │ 453.0 MiB │    1.1 TiB │
│ 21 │ 10890 │ 10632 │ /proc/self/exe                           │ Sleeping │ 0.00 │ 615.6 MiB │    1.1 TiB │
╰────┴───────┴───────┴──────────────────────────────────────────┴──────────┴──────┴───────────┴────────────╯
